<?xml version="1.0" encoding="UTF-8"?>
<!-- Generated by org.testng.reporters.JUnitReportReporter -->
<testsuite hostname="DESKTOP-9AMIVD3" failures="0" tests="2" name="rahulshettyacademy.Mavenjava.Maventest" time="0.019" errors="0" timestamp="2020-12-30T01:57:53 IST" skipped="0">
  <testcase classname="rahulshettyacademy.Mavenjava.Maventest" name="mavenTest_2" time="0.002"/>
  <system-out/>
  <testcase classname="rahulshettyacademy.Mavenjava.Maventest" name="mavenTest" time="0.017"/>
  <system-out/>
</testsuite> <!-- rahulshettyacademy.Mavenjava.Maventest -->
