<?xml version="1.0" encoding="UTF-8"?>
<!-- Generated by org.testng.reporters.JUnitReportReporter -->
<testsuite hostname="DESKTOP-9AMIVD3" failures="0" tests="1" name="rahulshettyacademy.Mavenjava.Reemy" time="123.055" errors="0" timestamp="2020-12-30T03:22:35 IST" skipped="0">
  <testcase classname="rahulshettyacademy.Mavenjava.Reemy" name="main" time="123.055"/>
  <system-out/>
</testsuite> <!-- rahulshettyacademy.Mavenjava.Reemy -->
